<?xml version="1.0" encoding="UTF-8"?>
<testng-results skipped="0" failed="0" ignored="0" total="1" passed="1">
  <reporter-output>
  </reporter-output>
  <suite name="Default suite" duration-ms="7811" started-at="2020-01-22T10:45:44Z" finished-at="2020-01-22T10:45:51Z">
    <groups>
      <group name="cucumber">
        <method signature="CucumberRunner.feature(cucumber.api.testng.CucumberFeatureWrapper)[pri:0, instance:com.tatadigital.training.API_QeeperLoginCucumberTest@1f760b47]" name="feature" class="com.qaprosoft.carina.core.foundation.cucumber.CucumberRunner"/>
      </group> <!-- cucumber -->
    </groups>
    <test name="Default test" duration-ms="7811" started-at="2020-01-22T10:45:44Z" finished-at="2020-01-22T10:45:51Z">
      <class name="com.tatadigital.training.API_QeeperLoginCucumberTest">
        <test-method status="PASS" signature="setUpClass()[pri:0, instance:com.tatadigital.training.API_QeeperLoginCucumberTest@1f760b47]" name="setUpClass" is-config="true" duration-ms="84" started-at="2020-01-22T10:45:44Z" finished-at="2020-01-22T10:45:44Z">
          <reporter-output>
          </reporter-output>
        </test-method> <!-- setUpClass -->
        <test-method status="PASS" signature="feature(cucumber.api.testng.CucumberFeatureWrapper)[pri:0, instance:com.tatadigital.training.API_QeeperLoginCucumberTest@1f760b47]" name="feature" duration-ms="4848" started-at="2020-01-22T10:45:44Z" description="Runs Cucumber Feature" data-provider="features" finished-at="2020-01-22T10:45:49Z">
          <params>
            <param index="0">
              <value>
                <![CDATA[Login with valid user]]>
              </value>
            </param>
          </params>
          <reporter-output>
          </reporter-output>
        </test-method> <!-- feature -->
        <test-method status="PASS" signature="tearDownClass(org.testng.ITestContext)[pri:0, instance:com.tatadigital.training.API_QeeperLoginCucumberTest@1f760b47]" name="tearDownClass" is-config="true" duration-ms="2438" started-at="2020-01-22T10:45:49Z" finished-at="2020-01-22T10:45:51Z">
          <params>
            <param index="0">
              <value>
                <![CDATA[org.testng.TestRunner@65fe2691]]>
              </value>
            </param>
          </params>
          <reporter-output>
          </reporter-output>
        </test-method> <!-- tearDownClass -->
      </class> <!-- com.tatadigital.training.API_QeeperLoginCucumberTest -->
    </test> <!-- Default test -->
  </suite> <!-- Default suite -->
</testng-results>
